[debug] [2026-03-08T06:34:15.985Z] ----------------------------------------------------------------------
[debug] [2026-03-08T06:34:15.987Z] Command:       C:\Program Files\nodejs\node.exe C:\Users\Shin\AppData\Roaming\npm\node_modules\firebase-tools\lib\bin\firebase.js apps:list android --json --project=project-62c699ea-e662-4978-bb8
[debug] [2026-03-08T06:34:15.988Z] CLI Version:   15.9.0
[debug] [2026-03-08T06:34:15.988Z] Platform:      win32
[debug] [2026-03-08T06:34:15.988Z] Node Version:  v24.13.1
[debug] [2026-03-08T06:34:15.988Z] Time:          Sun Mar 08 2026 14:34:15 GMT+0800 (China Standard Time)
[debug] [2026-03-08T06:34:15.988Z] ----------------------------------------------------------------------
[debug] 
[debug] [2026-03-08T06:34:16.021Z] > command requires scopes: ["email","openid","https://www.googleapis.com/auth/cloudplatformprojects.readonly","https://www.googleapis.com/auth/firebase","https://www.googleapis.com/auth/cloud-platform"]
[debug] [2026-03-08T06:34:16.021Z] > authorizing via signed-in user (matthewangelopadayao2@gmail.com)
[debug] [2026-03-08T06:34:16.025Z] Checked if tokens are valid: true, expires at: 1772955203500
[debug] [2026-03-08T06:34:16.025Z] Checked if tokens are valid: true, expires at: 1772955203500
[debug] [2026-03-08T06:34:16.026Z] >>> [apiv2][query] GET https://firebase.googleapis.com/v1beta1/projects/project-62c699ea-e662-4978-bb8/androidApps pageSize=100
[debug] [2026-03-08T06:34:16.726Z] <<< [apiv2][status] GET https://firebase.googleapis.com/v1beta1/projects/project-62c699ea-e662-4978-bb8/androidApps 403
[debug] [2026-03-08T06:34:16.727Z] <<< [apiv2][body] GET https://firebase.googleapis.com/v1beta1/projects/project-62c699ea-e662-4978-bb8/androidApps {"error":{"code":403,"message":"The caller does not have permission","status":"PERMISSION_DENIED"}}
[debug] [2026-03-08T06:34:16.727Z] Request to https://firebase.googleapis.com/v1beta1/projects/project-62c699ea-e662-4978-bb8/androidApps?pageSize=100 had HTTP Error: 403, The caller does not have permission
[debug] [2026-03-08T06:34:17.287Z] FirebaseError: Request to https://firebase.googleapis.com/v1beta1/projects/project-62c699ea-e662-4978-bb8/androidApps?pageSize=100 had HTTP Error: 403, The caller does not have permission
    at responseToError (C:\Users\Shin\AppData\Roaming\npm\node_modules\firebase-tools\lib\responseToError.js:53:12)
    at RetryOperation._fn (C:\Users\Shin\AppData\Roaming\npm\node_modules\firebase-tools\lib\apiv2.js:333:77)
    at process.processTicksAndRejections (node:internal/process/task_queues:103:5)
[error] 
[error] Error: Failed to list Firebase ANDROID apps. See firebase-debug.log for more info.
